<?xml version="1.0" encoding="UTF-8"?>
<testng-results ignored="0" total="1" passed="1" failed="0" skipped="0">
  <reporter-output>
  </reporter-output>
  <suite started-at="2022-10-06T17:25:58 IST" name="Default suite" finished-at="2022-10-06T17:26:06 IST" duration-ms="7786">
    <groups>
    </groups>
    <test started-at="2022-10-06T17:25:58 IST" name="Default test" finished-at="2022-10-06T17:26:06 IST" duration-ms="7786">
      <class name="com.simplilearn.testing.FacebookLogin">
        <test-method is-config="true" signature="beforeMethod()[pri:0, instance:com.simplilearn.testing.FacebookLogin@5e600dd5]" started-at="2022-10-06T17:25:58 IST" name="beforeMethod" finished-at="2022-10-06T17:26:04 IST" duration-ms="5283" status="PASS">
          <reporter-output>
          </reporter-output>
        </test-method> <!-- beforeMethod -->
        <test-method signature="f()[pri:0, instance:com.simplilearn.testing.FacebookLogin@5e600dd5]" started-at="2022-10-06T17:26:04 IST" name="f" finished-at="2022-10-06T17:26:06 IST" duration-ms="2432" status="PASS">
          <reporter-output>
          </reporter-output>
        </test-method> <!-- f -->
        <test-method is-config="true" signature="afterMethod()[pri:0, instance:com.simplilearn.testing.FacebookLogin@5e600dd5]" started-at="2022-10-06T17:26:06 IST" name="afterMethod" finished-at="2022-10-06T17:26:06 IST" duration-ms="1" status="PASS">
          <reporter-output>
          </reporter-output>
        </test-method> <!-- afterMethod -->
      </class> <!-- com.simplilearn.testing.FacebookLogin -->
    </test> <!-- Default test -->
  </suite> <!-- Default suite -->
</testng-results>
